{
    "stats": {
        "suites": 1,
        "tests": 3,
        "passes": 0,
        "pending": 0,
        "failures": 3,
        "start": "2020-10-12T15:38:49.979Z",
        "end": "2020-10-12T15:39:16.486Z",
        "duration": 26507,
        "testsRegistered": 3,
        "passPercent": 0,
        "pendingPercent": 0,
        "other": 0,
        "hasOther": false,
        "skipped": 0,
        "hasSkipped": false
    },
    "results": [
        {
            "uuid": "d965458f-f78e-46a6-be32-57823dfbfd29",
            "title": "",
            "fullFile": "cypress/integration/scenario2.spec.js",
            "file": "cypress/integration/scenario2.spec.js",
            "beforeHooks": [],
            "afterHooks": [],
            "tests": [],
            "suites": [
                {
                    "uuid": "ddc08d16-3bc4-4ac1-afba-cfb1df7906f4",
                    "title": "Check displayed number of results for category Smart Home | Televisions",
                    "fullFile": "",
                    "file": "",
                    "beforeHooks": [],
                    "afterHooks": [],
                    "tests": [
                        {
                            "title": "Selects Smart Home category",
                            "fullTitle": "Check displayed number of results for category Smart Home | Televisions Selects Smart Home category",
                            "timedOut": null,
                            "duration": 15524,
                            "state": "failed",
                            "speed": null,
                            "pass": false,
                            "fail": true,
                            "pending": false,
                            "context": null,
                            "code": "cy.get('#nav-hamburger-menu').click();\ncy.get('#hmenu-canvas').should('be.visible');\ncy.get('.hmenu li').contains('Smart Home').find('i').click();\ncy.get('.hmenu-title').contains(/^smart home$/).should('be.visible');",
                            "err": {
                                "message": "AssertionError: Timed out retrying: Expected to find element: `.hmenu-title`, but never found it.",
                                "estack": "AssertionError: Timed out retrying: Expected to find element: `.hmenu-title`, but never found it.\n    at Context.eval (https://www.amazon.com/__cypress/tests?p=cypress/integration/scenario2.spec.js:116:8)",
                                "diff": null
                            },
                            "uuid": "3eae5efa-1937-4128-8d49-7c96f3a618f3",
                            "parentUUID": "ddc08d16-3bc4-4ac1-afba-cfb1df7906f4",
                            "isHook": false,
                            "skipped": false
                        },
                        {
                            "title": "Selects Televisions category",
                            "fullTitle": "Check displayed number of results for category Smart Home | Televisions Selects Televisions category",
                            "timedOut": null,
                            "duration": 4501,
                            "state": "failed",
                            "speed": null,
                            "pass": false,
                            "fail": true,
                            "pending": false,
                            "context": null,
                            "code": "cy.get('.hmenu-item').contains('Televisions').click();\ncy.get('h1').contains(/^Smart Home \\| Televisions$/).should('be.visible');",
                            "err": {
                                "message": "AssertionError: Timed out retrying: Expected to find element: `.hmenu-item`, but never found it.",
                                "estack": "AssertionError: Timed out retrying: Expected to find element: `.hmenu-item`, but never found it.\n    at Context.eval (https://www.amazon.com/__cypress/tests?p=cypress/integration/scenario2.spec.js:119:8)",
                                "diff": null
                            },
                            "uuid": "8d2c984b-c7e6-4d87-8471-b3f8a0a40045",
                            "parentUUID": "ddc08d16-3bc4-4ac1-afba-cfb1df7906f4",
                            "isHook": false,
                            "skipped": false
                        },
                        {
                            "title": "Verifies number of displayed items is equal to total number",
                            "fullTitle": "Check displayed number of results for category Smart Home | Televisions Verifies number of displayed items is equal to total number",
                            "timedOut": null,
                            "duration": 4434,
                            "state": "failed",
                            "speed": null,
                            "pass": false,
                            "fail": true,
                            "pending": false,
                            "context": null,
                            "code": "var countNext = function countNext(realCount, totalCount) {\n  realCount += Cypress.$('.s-asin, [data-asin] > .s-item-container').length;\n  var nextButton = Cypress.$('#pagnNextLink, .a-pagination .a-last:not(.a-disabled)');\n  if (nextButton.length) {\n    cy.wrap(nextButton).click();\n    cy.get('#pagn, .a-pagination').then(function () {\n      countNext(realCount, totalCount);\n    });\n  } else {\n    cy.wrap(realCount).should('eq', totalCount);\n  }\n};\nvar totalCount = 0;\ncy.get('#s-result-count').invoke('text').then(function (text) {\n  totalCount = parseInt(text.split(' ')[2], 10);\n  countNext(0, totalCount);\n});",
                            "err": {
                                "message": "AssertionError: Timed out retrying: Expected to find element: `#s-result-count`, but never found it.",
                                "estack": "AssertionError: Timed out retrying: Expected to find element: `#s-result-count`, but never found it.\n    at Context.eval (https://www.amazon.com/__cypress/tests?p=cypress/integration/scenario2.spec.js:138:8)",
                                "diff": null
                            },
                            "uuid": "faf7ce5a-e273-4cd9-b22e-b683468a3048",
                            "parentUUID": "ddc08d16-3bc4-4ac1-afba-cfb1df7906f4",
                            "isHook": false,
                            "skipped": false
                        }
                    ],
                    "suites": [],
                    "passes": [],
                    "failures": [
                        "3eae5efa-1937-4128-8d49-7c96f3a618f3",
                        "8d2c984b-c7e6-4d87-8471-b3f8a0a40045",
                        "faf7ce5a-e273-4cd9-b22e-b683468a3048"
                    ],
                    "pending": [],
                    "skipped": [],
                    "duration": 24459,
                    "root": false,
                    "rootEmpty": false,
                    "_timeout": 2000
                }
            ],
            "passes": [],
            "failures": [],
            "pending": [],
            "skipped": [],
            "duration": 0,
            "root": true,
            "rootEmpty": true,
            "_timeout": 2000
        }
    ],
    "meta": {
        "mocha": {
            "version": "7.0.1"
        },
        "mochawesome": {
            "options": {
                "quiet": false,
                "reportFilename": "mochawesome",
                "saveHtml": false,
                "saveJson": true,
                "consoleReporter": "spec",
                "useInlineDiffs": false,
                "code": true
            },
            "version": "6.1.1"
        },
        "marge": {
            "options": {
                "reportDir": "cypress/results",
                "overwrite": false,
                "html": false,
                "json": true
            },
            "version": "5.1.0"
        }
    }
}
