{
    "stats": {
        "suites": 1,
        "tests": 1,
        "passes": 1,
        "pending": 0,
        "failures": 0,
        "start": "2020-10-12T15:39:21.952Z",
        "end": "2020-10-12T15:39:38.090Z",
        "duration": 16138,
        "testsRegistered": 1,
        "passPercent": 100,
        "pendingPercent": 0,
        "other": 0,
        "hasOther": false,
        "skipped": 0,
        "hasSkipped": false
    },
    "results": [
        {
            "uuid": "973405ac-f813-42d1-bb94-301a64577e13",
            "title": "",
            "fullFile": "cypress/integration/scenario3.spec.js",
            "file": "cypress/integration/scenario3.spec.js",
            "beforeHooks": [],
            "afterHooks": [],
            "tests": [],
            "suites": [
                {
                    "uuid": "dd2991b6-df56-4eed-8338-59b10db7c491",
                    "title": "Check the selected currency displayed for the products' price",
                    "fullFile": "",
                    "file": "",
                    "beforeHooks": [],
                    "afterHooks": [],
                    "tests": [
                        {
                            "title": "Changes currency to AED and verifies it is changed",
                            "fullTitle": "Check the selected currency displayed for the products' price Changes currency to AED and verifies it is changed",
                            "timedOut": null,
                            "duration": 14154,
                            "state": "passed",
                            "speed": "slow",
                            "pass": true,
                            "fail": false,
                            "pending": false,
                            "context": null,
                            "code": "cy.get('#icp-nav-flyout').click();\ncy.get('#icp-sc-heading').should('be.visible');\ncy.get('#icp-sc-dropdown').select('AED', {\n  force: true\n});\ncy.get('.a-button-input').click();\ncy.contains('Shop now').click();\ncy.contains('AED').should('be.visible');",
                            "err": {},
                            "uuid": "f2f2859b-5652-44b3-a4fc-a98e6345292b",
                            "parentUUID": "dd2991b6-df56-4eed-8338-59b10db7c491",
                            "isHook": false,
                            "skipped": false
                        }
                    ],
                    "suites": [],
                    "passes": ["f2f2859b-5652-44b3-a4fc-a98e6345292b"],
                    "failures": [],
                    "pending": [],
                    "skipped": [],
                    "duration": 14154,
                    "root": false,
                    "rootEmpty": false,
                    "_timeout": 2000
                }
            ],
            "passes": [],
            "failures": [],
            "pending": [],
            "skipped": [],
            "duration": 0,
            "root": true,
            "rootEmpty": true,
            "_timeout": 2000
        }
    ],
    "meta": {
        "mocha": {
            "version": "7.0.1"
        },
        "mochawesome": {
            "options": {
                "quiet": false,
                "reportFilename": "mochawesome",
                "saveHtml": false,
                "saveJson": true,
                "consoleReporter": "spec",
                "useInlineDiffs": false,
                "code": true
            },
            "version": "6.1.1"
        },
        "marge": {
            "options": {
                "reportDir": "cypress/results",
                "overwrite": false,
                "html": false,
                "json": true
            },
            "version": "5.1.0"
        }
    }
}
